2024-11-09 17:59:04,281 - INFO - Logging setup complete. Log files will rotate daily with the date suffix.
2024-11-09 18:03:18,375 - INFO - Logging setup complete. Log files will rotate daily with the date suffix.
2024-11-09 18:04:13,390 - INFO - Logging setup complete. Log files will rotate daily with the date suffix.
2024-11-09 18:04:13,401 - INFO - Logging setup complete. Log files will rotate daily with the date suffix.
2024-11-09 18:05:01,495 - INFO - Logging setup complete. Log files will rotate daily with the date suffix.
2024-11-09 18:05:42,104 - INFO - Logging setup complete. Log files will rotate daily with the date suffix.
2024-11-09 18:08:49,883 - INFO - Logging setup complete. Log files will rotate daily with the date suffix.
2024-11-09 18:09:39,171 - INFO - Request: POST http://localhost:8000/search_payments/
2024-11-09 18:09:39,264 - INFO - Response: 200 for POST http://localhost:8000/search_payments/
2024-11-09 18:09:51,039 - INFO - Request: POST http://localhost:8000/search_payments/
2024-11-09 18:09:51,132 - INFO - Response: 200 for POST http://localhost:8000/search_payments/
2024-11-09 18:11:08,061 - INFO - Logging setup complete. Log files will rotate daily with the date suffix.
2024-11-09 18:11:11,900 - INFO - Logging setup complete. Log files will rotate daily with the date suffix.
2024-11-09 18:11:27,613 - INFO - Request: POST http://localhost:8000/search_payments/
2024-11-09 18:11:27,712 - INFO - Response: 200 for POST http://localhost:8000/search_payments/
2024-11-09 18:11:38,335 - INFO - Request: POST http://localhost:8000/search_payments/
2024-11-09 18:11:38,446 - INFO - Response: 200 for POST http://localhost:8000/search_payments/
2024-11-09 18:32:40,723 - INFO - Logging setup complete. Log files will rotate daily with the date suffix.
2024-11-09 18:33:03,149 - INFO - Request: OPTIONS http://localhost:8000/search_payments/
2024-11-09 18:33:03,150 - INFO - Response: 200 for OPTIONS http://localhost:8000/search_payments/
2024-11-09 18:33:03,153 - INFO - Request: POST http://localhost:8000/search_payments/
2024-11-09 18:33:03,277 - INFO - Response: 200 for POST http://localhost:8000/search_payments/
2024-11-09 19:04:12,516 - INFO - Request: OPTIONS http://localhost:8000/search_payments/
2024-11-09 19:04:12,557 - INFO - Response: 200 for OPTIONS http://localhost:8000/search_payments/
2024-11-09 19:04:12,573 - INFO - Request: POST http://localhost:8000/search_payments/
2024-11-09 19:04:12,987 - INFO - Response: 500 for POST http://localhost:8000/search_payments/
2024-11-09 19:04:15,748 - INFO - Request: POST http://localhost:8000/search_payments/
2024-11-09 19:04:15,856 - INFO - Response: 500 for POST http://localhost:8000/search_payments/
2024-11-09 19:06:44,457 - INFO - Request: POST http://localhost:8000/search_payments/
2024-11-09 19:06:44,581 - INFO - Response: 500 for POST http://localhost:8000/search_payments/
2024-11-09 19:06:46,649 - INFO - Request: POST http://localhost:8000/search_payments/
2024-11-09 19:06:46,747 - INFO - Response: 500 for POST http://localhost:8000/search_payments/
2024-11-09 19:07:06,835 - INFO - Logging setup complete. Log files will rotate daily with the date suffix.
2024-11-09 19:07:07,037 - INFO - Request: POST http://localhost:8000/search_payments/
2024-11-09 19:07:07,198 - INFO - Response: 200 for POST http://localhost:8000/search_payments/
2024-11-09 19:09:05,300 - INFO - Request: POST http://localhost:8000/search_payments/
2024-11-09 19:09:05,593 - INFO - Response: 200 for POST http://localhost:8000/search_payments/
2024-11-09 19:14:12,875 - INFO - Logging setup complete. Log files will rotate daily with the date suffix.
2024-11-09 19:16:21,215 - INFO - Logging setup complete. Log files will rotate daily with the date suffix.
2024-11-09 19:16:35,462 - INFO - Request: OPTIONS http://localhost:8000/search_payments/
2024-11-09 19:16:35,463 - INFO - Request Body: Unable to parse body (possibly empty or not JSON)
2024-11-09 19:16:35,464 - INFO - Response: 200 for OPTIONS http://localhost:8000/search_payments/
2024-11-09 19:16:35,468 - INFO - Request: POST http://localhost:8000/search_payments/
2024-11-09 19:16:35,469 - INFO - Request Body: {"vat": "998477820", "unique_number": "5000001494", "year": "2024"}
2024-11-09 19:16:35,628 - INFO - Response: 200 for POST http://localhost:8000/search_payments/
2024-11-09 19:16:59,775 - INFO - Request: POST http://localhost:8000/search_payments/
2024-11-09 19:16:59,776 - INFO - Request Body: {"vat": "998477820", "unique_number": "5698741256", "year": "2024"}
2024-11-09 19:16:59,869 - INFO - Response: 200 for POST http://localhost:8000/search_payments/
2024-11-09 19:17:29,403 - INFO - Request: POST http://localhost:8000/search_payments/
2024-11-09 19:17:29,403 - INFO - Request Body: {"vat": "998477820", "unique_number": "5698741256", "year": "2024"}
2024-11-09 19:17:29,512 - INFO - Response: 200 for POST http://localhost:8000/search_payments/
2024-11-09 19:18:33,660 - INFO - Request: POST http://localhost:8000/search_payments/
2024-11-09 19:18:33,660 - INFO - Request Body: {"vat": "998477820", "unique_number": "5698741256", "year": "2024"}
2024-11-09 19:18:33,763 - INFO - Response: 200 for POST http://localhost:8000/search_payments/
2024-11-09 19:23:32,267 - INFO - Request: POST http://localhost:8000/search_payments/
2024-11-09 19:23:32,269 - INFO - Request Body: {"vat": "998477820", "unique_number": "5698741256", "year": "2024"}
2024-11-09 19:23:32,390 - INFO - Response: 200 for POST http://localhost:8000/search_payments/
2024-11-09 19:23:35,615 - INFO - Request: POST http://localhost:8000/search_payments/
2024-11-09 19:23:35,616 - INFO - Request Body: {"vat": "998477820", "unique_number": "5698741256", "year": "2023"}
2024-11-09 19:23:35,619 - INFO - Response: 500 for POST http://localhost:8000/search_payments/
2024-11-09 19:27:58,619 - INFO - Request: OPTIONS http://localhost:8000/search_payments/
2024-11-09 19:27:58,628 - INFO - Request Body: Unable to parse body (possibly empty or not JSON)
2024-11-09 19:27:58,640 - INFO - Response: 200 for OPTIONS http://localhost:8000/search_payments/
2024-11-09 19:27:58,649 - INFO - Request: POST http://localhost:8000/search_payments/
2024-11-09 19:27:58,650 - INFO - Request Body: {"vat": "998477820", "unique_number": "5000001494", "year": "2023"}
2024-11-09 19:27:58,662 - INFO - Response: 500 for POST http://localhost:8000/search_payments/
2024-11-09 19:28:21,200 - INFO - Request: POST http://localhost:8000/search_payments/
2024-11-09 19:28:21,200 - INFO - Request Body: {"vat": "998477820", "unique_number": "5000001494", "year": "2019"}
2024-11-09 19:28:21,209 - INFO - Response: 500 for POST http://localhost:8000/search_payments/
